        -:    0:Source:C:/Users/Gabi/Desktop/MagazinC-/Domain/domain.cpp
        -:    0:Graph:C:\Users\Gabi\Desktop\MagazinC-\cmake-build-debug-coverage\CMakeFiles\MagazinC__.dir\Domain\domain.cpp.gcno
        -:    0:Data:C:\Users\Gabi\Desktop\MagazinC-\cmake-build-debug-coverage\CMakeFiles\MagazinC__.dir\Domain\domain.cpp.gcda
        -:    0:Runs:1
        -:    1://
        -:    2:// Created by Gabi on 30.03.2023.
        -:    3://
        -:    4:
        -:    5:#include "domain.h"
        -:    6:
function _ZNK6Produs7getNumeB5cxx11Ev called 10 returned 100% blocks executed 100%
       10:    7:std::string Produs::getNume() const{
       10:    8:    return this->nume;
       10:    8-block  0
call    0 returned 10
        -:    9:}
function _ZNK6Produs13getProducatorB5cxx11Ev called 3 returned 100% blocks executed 100%
        3:   10:std::string Produs::getProducator() const{
        3:   11:    return this->producator;
        3:   11-block  0
call    0 returned 3
        -:   12:}
function _ZNK6Produs6getTipB5cxx11Ev called 3 returned 100% blocks executed 100%
        3:   13:std::string Produs::getTip() const{
        3:   14:    return this->tip;
        3:   14-block  0
call    0 returned 3
        -:   15:}
function _ZNK6Produs7getPretEv called 3 returned 100% blocks executed 100%
        3:   16:float Produs::getPret() const{
        3:   17:    return this->pret;
        3:   17-block  0
        -:   18:}
        -:   19:
function _ZN6Produs7setNumeENSt7__cxx1112basic_stringIcSt11char_traitsIcESaIcEEE called 1 returned 100% blocks executed 100%
        1:   20:void Produs::setNume(std::string nume_nou) {
        1:   21:    this->nume = nume_nou;
        1:   21-block  0
call    0 returned 1
        1:   22:}
function _ZN6Produs13setProducatorENSt7__cxx1112basic_stringIcSt11char_traitsIcESaIcEEE called 2 returned 100% blocks executed 100%
        2:   23:void Produs::setProducator(std::string producator_nou) {
        2:   24:    this->producator = producator_nou;
        2:   24-block  0
call    0 returned 2
        -:   25:
        2:   26:}
function _ZN6Produs6setTipENSt7__cxx1112basic_stringIcSt11char_traitsIcESaIcEEE called 2 returned 100% blocks executed 100%
        2:   27:void Produs::setTip(std::string tip_nou) {
        2:   28:    this->tip = tip_nou;
        2:   28-block  0
call    0 returned 2
        2:   29:}
        -:   30:
function _ZN6Produs7setPretEf called 2 returned 100% blocks executed 100%
        2:   31:void Produs::setPret(float pret_nou) {
        2:   32:    this->pret = pret_nou;
        2:   33:}
        -:   34:
function _ZN6ProduseqERKS_ called 3 returned 100% blocks executed 100%
        3:   35:bool Produs::operator ==(const Produs& o)
        -:   36:{
        3:   37:    bool ok = true;
        3:   38:    if(this->nume != o.nume)
        3:   38-block  0
call    0 returned 3
branch  1 taken 1 (fallthrough)
branch  2 taken 2
        1:   39:        ok = false;
        1:   39-block  0
        3:   40:    if(this->producator != o.producator)
        3:   40-block  0
call    0 returned 3
branch  1 taken 1 (fallthrough)
branch  2 taken 2
        1:   41:        ok = false;
        1:   41-block  0
        3:   42:    if(this->pret != o.pret)
        3:   42-block  0
branch  0 taken 1 (fallthrough)
branch  1 taken 2
        1:   43:        ok = false;
        1:   43-block  0
        3:   44:    if(this->tip != o.tip)
        3:   44-block  0
call    0 returned 3
branch  1 taken 1 (fallthrough)
branch  2 taken 2
        1:   45:        ok = false;
        1:   45-block  0
        3:   46:    return ok;
        3:   46-block  0
        -:   47:}
