        -:    0:Source:C:/Users/Gabi/Desktop/MagazinC-/Service/service.h
        -:    0:Graph:C:\Users\Gabi\Desktop\MagazinC-\cmake-build-debug-coverage\CMakeFiles\MagazinC__.dir\main.cpp.gcno
        -:    0:Data:C:\Users\Gabi\Desktop\MagazinC-\cmake-build-debug-coverage\CMakeFiles\MagazinC__.dir\main.cpp.gcda
        -:    0:Runs:1
        -:    1://
        -:    2:// Created by Gabi on 02.04.2023.
        -:    3://
        -:    4:
        -:    5:#ifndef MAGAZINC___SERVICE_H
        -:    6:#define MAGAZINC___SERVICE_H
        -:    7:#include "../Repository/repo.h"
        -:    8:#include <iostream>
        -:    9:
        -:   10:class Service{
        -:   11:
        -:   12:
        -:   13:
        -:   14:private:
        -:   15:
        -:   16:    Repo REPO;
        -:   17:public:
function _ZN7ServiceC1ER4Repo called 1 returned 100% blocks executed 100%
        1:   18:    Service(Repo& REPO):REPO{REPO} {};
        1:   18-block  0
call    0 returned 1
        -:   19:    void adaugare_produs_service(std::string nume, std::string tip, std::string producator, float pret);
        -:   20:
        -:   21:};
        -:   22:
        -:   23:#endif //MAGAZINC___SERVICE_H
