        -:    0:Source:C:/Users/Gabi/Desktop/MagazinC-/Repository/repo.cpp
        -:    0:Graph:C:\Users\Gabi\Desktop\MagazinC-\cmake-build-debug-coverage\CMakeFiles\MagazinC__.dir\Repository\repo.cpp.gcno
        -:    0:Data:C:\Users\Gabi\Desktop\MagazinC-\cmake-build-debug-coverage\CMakeFiles\MagazinC__.dir\Repository\repo.cpp.gcda
        -:    0:Runs:1
        -:    1://
        -:    2:// Created by Gabi on 02.04.2023.
        -:    3://
        -:    4:
        -:    5:#include "repo.h"
function _ZN4Repo15adaugare_produsERK6Produs called 2 returned 100% blocks executed 100%
        2:    6:void Repo::adaugare_produs(const Produs &element) {
        -:    7:
        2:    8:    lista.push_back(element);
        2:    8-block  0
call    0 returned 2
        2:    9:}
function _ZNK4Repo14numar_elementeEv called 2 returned 100% blocks executed 100%
        2:   10:int Repo::numar_elemente() const
        -:   11:{
        2:   12:    return lista.size();
        2:   12-block  0
call    0 returned 2
        -:   13:}
        -:   14:
function _ZNK4Repo13cauta_elementENSt7__cxx1112basic_stringIcSt11char_traitsIcESaIcEEE called 3 returned 67% blocks executed 92%
        3:   15:Produs Repo::cauta_element(const std::string nume)const{
        -:   16:
        -:   17:
        6:   18:    for(auto el:lista)
        3:   18-block  0
call    0 returned 3
call    1 returned 3
        5:   18-block  1
call    2 returned 5
call    3 returned 5
branch  4 taken 5 (fallthrough)
branch  5 taken 0 (throw)
        3:   18-block  2
call    6 returned 3
        6:   18-block  3
call    7 returned 6
branch  8 taken 5
branch  9 taken 1 (fallthrough)
        -:   19:    {
        5:   20:        if(el.getNume() == nume)
        5:   20-block  0
call    0 returned 5
branch  1 taken 5 (fallthrough)
branch  2 taken 0 (throw)
        5:   20-block  1
call    3 returned 5
call    4 returned 5
branch  5 taken 2 (fallthrough)
branch  6 taken 3
        4:   21:            return el;
        2:   21-block  0
call    0 returned 2
        2:   21-block  1
        -:   22:
        5:   23:    }
        3:   23-block  0
        5:   23-block  1
call    0 returned 5
branch  1 taken 3 (fallthrough)
branch  2 taken 2
    $$$$$:   23-block  2
call    3 never executed
        1:   24:    throw std::exception();
        1:   24-block  0
call    0 returned 1
call    1 returned 1
call    2 returned 0
        -:   25:
        -:   26:}
        -:   27:
function _ZN4Repo16modifica_elementENSt7__cxx1112basic_stringIcSt11char_traitsIcESaIcEEERK6Produs called 2 returned 50% blocks executed 84%
        2:   28:void Repo::modifica_element(const std::string nume, const Produs& other)
        -:   29:{
        -:   30:
        4:   31:    for(int i=0; i<lista.size(); i++)
        2:   31-block  0
        2:   31-block  1
        4:   31-block  2
call    0 returned 4
branch  1 taken 3
branch  2 taken 1 (fallthrough)
        -:   32:    {
        3:   33:        if(lista[i].getNume() == nume)
        3:   33-block  0
call    0 returned 3
call    1 returned 3
call    2 returned 3
call    3 returned 3
branch  4 taken 1 (fallthrough)
branch  5 taken 2
        -:   34:        {
        1:   35:            lista[i].setProducator(other.getProducator());
        1:   35-block  0
call    0 returned 1
call    1 returned 1
call    2 returned 1
branch  3 taken 1 (fallthrough)
branch  4 taken 0 (throw)
        1:   35-block  1
call    5 returned 1
    $$$$$:   35-block  2
call    6 never executed
    $$$$$:   35-block  3
call    7 never executed
        1:   36:            lista[i].setTip(other.getTip());
call    0 returned 1
call    1 returned 1
call    2 returned 1
branch  3 taken 1 (fallthrough)
branch  4 taken 0 (throw)
        1:   36-block  0
call    5 returned 1
    $$$$$:   36-block  1
call    6 never executed
        1:   37:            lista[i].setPret(other.getPret());
call    0 returned 1
call    1 returned 1
call    2 returned 1
        -:   38:
        1:   39:            return;
        1:   39-block  0
        -:   40:        }
        -:   41:
        -:   42:    }
        1:   43:    throw std::exception();
        1:   43-block  0
call    0 returned 1
call    1 returned 1
call    2 returned 0
        -:   44:
        -:   45:}
