        -:    0:Source:C:/Users/Gabi/Desktop/MagazinC-/Domain/domain.h
        -:    0:Graph:C:\Users\Gabi\Desktop\MagazinC-\cmake-build-debug-coverage\CMakeFiles\MagazinC__.dir\Service\service.cpp.gcno
        -:    0:Data:C:\Users\Gabi\Desktop\MagazinC-\cmake-build-debug-coverage\CMakeFiles\MagazinC__.dir\Service\service.cpp.gcda
        -:    0:Runs:1
        -:    1://
        -:    2:// Created by Gabi on 30.03.2023.
        -:    3://
        -:    4:#include <iostream>
        -:    5:#ifndef MAGAZINC___DOMAIN_H
        -:    6:#define MAGAZINC___DOMAIN_H
        -:    7:
        -:    8:class Produs{
        -:    9:public:
function _ZN6ProdusC1ENSt7__cxx1112basic_stringIcSt11char_traitsIcESaIcEEES5_S5_f called 0 returned 0% blocks executed 0%
    #####:   10:    Produs(std::string nume, std::string tip, std::string producator, float pret): nume{nume}, tip{tip}, producator{producator}, pret{pret}
    %%%%%:   10-block  0
call    0 never executed
call    1 never executed
branch  2 never executed
branch  3 never executed
    %%%%%:   10-block  1
call    4 never executed
branch  5 never executed
branch  6 never executed
        -:   11:    {
        -:   12:
    #####:   13:    }
    %%%%%:   13-block  0
    $$$$$:   13-block  1
call    0 never executed
    $$$$$:   13-block  2
call    1 never executed
        -:   14:    ///
        -:   15:    /// \return the name of the product
        -:   16:    std::string getNume() const;
        -:   17:    ///
        -:   18:    /// \return  the producer of the product
        -:   19:    std::string getProducator() const;
        -:   20:    ///
        -:   21:    /// \return the type of the product
        -:   22:    std::string getTip() const;
        -:   23:    ///
        -:   24:    /// \return the price of the product
        -:   25:    float getPret() const;
        -:   26:
        -:   27:    ///sets the name of the produs
        -:   28:    void setNume(std::string);
        -:   29:    ///sets the producator of the produs
        -:   30:    void setProducator(std::string);
        -:   31:    ///sets the type of the produs
        -:   32:    void setTip(std::string);
        -:   33:    ///sets the price of the produs
        -:   34:    void setPret(float);
        -:   35:
        -:   36:    bool operator ==(const Produs& o);
        -:   37:
        -:   38:private:
        -:   39:    std::string nume;
        -:   40:    std::string tip;
        -:   41:    std::string producator;
        -:   42:    float pret;
        -:   43:
        -:   44:
        -:   45:};
        -:   46:
        -:   47:
        -:   48:
        -:   49:
        -:   50:#endif //MAGAZINC___DOMAIN_H
