        -:    0:Source:C:/Users/Gabi/Desktop/MagazinC-/Service/service.cpp
        -:    0:Graph:C:\Users\Gabi\Desktop\MagazinC-\cmake-build-debug-coverage\CMakeFiles\MagazinC__.dir\Service\service.cpp.gcno
        -:    0:Data:C:\Users\Gabi\Desktop\MagazinC-\cmake-build-debug-coverage\CMakeFiles\MagazinC__.dir\Service\service.cpp.gcda
        -:    0:Runs:1
        -:    1://
        -:    2:// Created by Gabi on 02.04.2023.
        -:    3://
        -:    4:
        -:    5:#include "service.h"
        -:    6:#include <iostream>
function _ZN7Service23adaugare_produs_serviceENSt7__cxx1112basic_stringIcSt11char_traitsIcESaIcEEES5_S5_f called 0 returned 0% blocks executed 0%
    #####:    7:void Service::adaugare_produs_service(std::string nume, std::string tip, std::string producator, float pret) {
        -:    8:
    #####:    9:    Produs produs = Produs(nume, tip,producator,pret);
    %%%%%:    9-block  0
call    0 never executed
branch  1 never executed
branch  2 never executed
    %%%%%:    9-block  1
call    3 never executed
branch  4 never executed
branch  5 never executed
    %%%%%:    9-block  2
call    6 never executed
branch  7 never executed
branch  8 never executed
    %%%%%:    9-block  3
call    9 never executed
branch 10 never executed
branch 11 never executed
call   12 never executed
call   13 never executed
    $$$$$:    9-block  4
    $$$$$:    9-block  5
    $$$$$:    9-block  6
        -:   10:
        -:   11:    ///VALDIARE
        -:   12:
    #####:   13:    REPO.adaugare_produs(produs);
call    0 never executed
branch  1 never executed
branch  2 never executed
        -:   14:
    #####:   15:}
    %%%%%:   15-block  0
call    0 never executed
    $$$$$:   15-block  1
call    1 never executed
