        -:    0:Source:C:/Users/Gabi/Desktop/MagazinC-/UI/ui.cpp
        -:    0:Graph:C:\Users\Gabi\Desktop\MagazinC-\cmake-build-debug-coverage\CMakeFiles\MagazinC__.dir\UI\ui.cpp.gcno
        -:    0:Data:C:\Users\Gabi\Desktop\MagazinC-\cmake-build-debug-coverage\CMakeFiles\MagazinC__.dir\UI\ui.cpp.gcda
        -:    0:Runs:1
        -:    1://
        -:    2:// Created by Gabi on 02.04.2023.
        -:    3://
        -:    4:#include <iostream>
        -:    5:#include "ui.h"
        -:    6:
function _ZNK2UI7show_uiEv called 0 returned 0% blocks executed 0%
    #####:    7:void UI::show_ui() const{
        -:    8:
    #####:    9:    std::cout<<"Alegeti optiunea dumeavoastra:\n";
    %%%%%:    9-block  0
call    0 never executed
    #####:   10:    std::cout<<"1.Adaugare de produs\n";
call    0 never executed
    #####:   11:}
        -:   12:
function _ZN2UI6run_uiEv called 0 returned 0% blocks executed 0%
    #####:   13:void UI::run_ui(){
    #####:   14:    std::string input;
    %%%%%:   14-block  0
call    0 never executed
        -:   15:    int choice;
    #####:   16:    bool running = true;
    #####:   17:    while(running)
    %%%%%:   17-block  0
branch  0 never executed
branch  1 never executed
    #####:   18:    {   show_ui();
    %%%%%:   18-block  0
call    0 never executed
branch  1 never executed
branch  2 never executed
    #####:   19:        choice = -1;
        -:   20:        try{
    #####:   21:            std::getline(std::cin, input);
    %%%%%:   21-block  0
call    0 never executed
branch  1 never executed
branch  2 never executed
    #####:   22:            choice = std::stoi(input);
    %%%%%:   22-block  0
call    0 never executed
branch  1 never executed
branch  2 never executed
    %%%%%:   22-block  1
        -:   23:        }
    =====:   24:        catch(std::invalid_argument &o)
    $$$$$:   24-block  0
branch  0 never executed
branch  1 never executed
    $$$$$:   24-block  1
call    2 never executed
        -:   25:        {
        -:   26:            //std::cout<<"Valoare non-numerica!\n";
    =====:   27:        }
call    0 never executed
        -:   28:
        -:   29:
        -:   30:        ///Try
    #####:   31:        switch (choice) {
    %%%%%:   31-block  0
branch  0 never executed
branch  1 never executed
    #####:   32:            case 1:
    #####:   33:                add_produs_ui();
    %%%%%:   33-block  0
call    0 never executed
branch  1 never executed
branch  2 never executed
    #####:   34:                break;
    %%%%%:   34-block  0
    #####:   35:            default:
    #####:   36:                std::cout<<"Varianta inexsitetna!\n";
    %%%%%:   36-block  0
call    0 never executed
branch  1 never executed
branch  2 never executed
    #####:   37:                getchar();
    %%%%%:   37-block  0
call    0 never executed
branch  1 never executed
branch  2 never executed
        -:   38:
        -:   39:        }
        -:   40:    }
        -:   41:
        -:   42:
    #####:   43:}
    %%%%%:   43-block  0
call    0 never executed
    $$$$$:   43-block  1
call    1 never executed
        -:   44:
        -:   45:
function _ZN2UI13add_produs_uiEv called 0 returned 0% blocks executed 0%
    #####:   46:void UI::add_produs_ui() {
    #####:   47:    std::string nume;
    %%%%%:   47-block  0
call    0 never executed
    #####:   48:    std::cout<<" Dati numele: ";
call    0 never executed
branch  1 never executed
branch  2 never executed
    #####:   49:    std::getline(std::cin, nume);
    %%%%%:   49-block  0
call    0 never executed
branch  1 never executed
branch  2 never executed
        -:   50:
    #####:   51:    std::string tip;
    %%%%%:   51-block  0
call    0 never executed
    #####:   52:    std::cout<<"Dati tipul: ";
call    0 never executed
branch  1 never executed
branch  2 never executed
    #####:   53:    std::getline(std::cin, tip);
    %%%%%:   53-block  0
call    0 never executed
branch  1 never executed
branch  2 never executed
        -:   54:
    #####:   55:    std::string producator;
    %%%%%:   55-block  0
call    0 never executed
    #####:   56:    std::cout<<"Dati producatorul: ";
call    0 never executed
branch  1 never executed
branch  2 never executed
    #####:   57:    std::getline(std::cin, producator);
    %%%%%:   57-block  0
call    0 never executed
branch  1 never executed
branch  2 never executed
        -:   58:
    #####:   59:    std::string pret_string;
    %%%%%:   59-block  0
call    0 never executed
        -:   60:    float pret;
    #####:   61:    std::cout<<"Dati pretrul: ";
call    0 never executed
branch  1 never executed
branch  2 never executed
    #####:   62:    std::getline(std::cin, pret_string);
    %%%%%:   62-block  0
call    0 never executed
branch  1 never executed
branch  2 never executed
    #####:   63:    pret = std::stof(pret_string);
    %%%%%:   63-block  0
call    0 never executed
branch  1 never executed
branch  2 never executed
        -:   64:
    #####:   65:    SERVICE.adaugare_produs_service(nume,tip,producator,pret);
    %%%%%:   65-block  0
call    0 never executed
branch  1 never executed
branch  2 never executed
    %%%%%:   65-block  1
call    3 never executed
branch  4 never executed
branch  5 never executed
    %%%%%:   65-block  2
call    6 never executed
branch  7 never executed
branch  8 never executed
    %%%%%:   65-block  3
call    9 never executed
branch 10 never executed
branch 11 never executed
    %%%%%:   65-block  4
call   12 never executed
call   13 never executed
call   14 never executed
    $$$$$:   65-block  5
call   15 never executed
    $$$$$:   65-block  6
    $$$$$:   65-block  7
call   16 never executed
    $$$$$:   65-block  8
    $$$$$:   65-block  9
call   17 never executed
    $$$$$:   65-block 10
        -:   66:
        -:   67:
        -:   68:
    #####:   69:}
call    0 never executed
call    1 never executed
call    2 never executed
call    3 never executed
    $$$$$:   69-block  0
call    4 never executed
    $$$$$:   69-block  1
call    5 never executed
    $$$$$:   69-block  2
call    6 never executed
    $$$$$:   69-block  3
call    7 never executed
